<?xml version="1.0" encoding="UTF-8" standalone="yes"?><!DOCTYPE report PUBLIC "-//JACOCO//DTD Report 1.1//EN" "report.dtd"><report name="lab4"><sessioninfo id="fabrizio-P65-674bb60f" start="1602170150904" dump="1602170151529"/><sessioninfo id="fabrizio-P65-998c7e0b" start="1602170187557" dump="1602170195389"/><sessioninfo id="fabrizio-P65-d4dfe3d0" start="1602170269722" dump="1602170270389"/><sessioninfo id="fabrizio-P65-ed84b5ca" start="1602170781802" dump="1602170782496"/><sessioninfo id="fabrizio-P65-903061f7" start="1602170849020" dump="1602170849659"/><sessioninfo id="fabrizio-P65-82b955f1" start="1604583453579" dump="1604583454290"/><sessioninfo id="fabrizio-P65-d6c597e4" start="1604584024229" dump="1604584024924"/><sessioninfo id="fabrizio-P65-9b8dcd2e" start="1604584151588" dump="1604584152344"/><sessioninfo id="fabrizio-P65-3ec2e013" start="1604584200812" dump="1604584201483"/><sessioninfo id="fabrizio-P65-484c0ebd" start="1604584206040" dump="1604584206724"/><sessioninfo id="fabrizio-P65-b9aa2706" start="1604587644874" dump="1604587646424"/><sessioninfo id="fabrizio-P65-4235a6b2" start="1604587674245" dump="1604587675668"/><sessioninfo id="fabrizio-P65-54596054" start="1604587692985" dump="1604587694502"/><sessioninfo id="fabrizio-P65-a53d12cd" start="1604587712379" dump="1604587713906"/><package name="cs/lab"><class name="cs/lab/DataSubject" sourcefilename="DataSubject.java"><method name="&lt;init&gt;" desc="()V" line="7"><counter type="INSTRUCTION" missed="0" covered="8"/><counter type="LINE" missed="0" covered="2"/><counter type="COMPLEXITY" missed="0" covered="1"/><counter type="METHOD" missed="0" covered="1"/></method><method name="removeObserver" desc="(Lcs/lab/Observer;)V" line="13"><counter type="INSTRUCTION" missed="0" covered="6"/><counter type="LINE" missed="0" covered="2"/><counter type="COMPLEXITY" missed="0" covered="1"/><counter type="METHOD" missed="0" covered="1"/></method><method name="notifyObservers" desc="(Ljava/lang/Integer;)V" line="18"><counter type="INSTRUCTION" missed="0" covered="16"/><counter type="BRANCH" missed="0" covered="2"/><counter type="LINE" missed="0" covered="4"/><counter type="COMPLEXITY" missed="0" covered="2"/><counter type="METHOD" missed="0" covered="1"/></method><method name="registerObserver" desc="(Lcs/lab/Observer;)V" line="25"><counter type="INSTRUCTION" missed="0" covered="6"/><counter type="LINE" missed="0" covered="2"/><counter type="COMPLEXITY" missed="0" covered="1"/><counter type="METHOD" missed="0" covered="1"/></method><method name="getObservers" desc="()Ljava/util/List;" line="30"><counter type="INSTRUCTION" missed="0" covered="3"/><counter type="LINE" missed="0" covered="1"/><counter type="COMPLEXITY" missed="0" covered="1"/><counter type="METHOD" missed="0" covered="1"/></method><counter type="INSTRUCTION" missed="0" covered="39"/><counter type="BRANCH" missed="0" covered="2"/><counter type="LINE" missed="0" covered="11"/><counter type="COMPLEXITY" missed="0" covered="6"/><counter type="METHOD" missed="0" covered="5"/><counter type="CLASS" missed="0" covered="1"/></class><class name="cs/lab/BarChartMonitor" sourcefilename="BarChartMonitor.java"><method name="&lt;init&gt;" desc="()V" line="7"><counter type="INSTRUCTION" missed="8" covered="0"/><counter type="LINE" missed="2" covered="0"/><counter type="COMPLEXITY" missed="1" covered="0"/><counter type="METHOD" missed="1" covered="0"/></method><method name="update" desc="(Ljava/lang/Integer;)V" line="14"><counter type="INSTRUCTION" missed="9" covered="0"/><counter type="LINE" missed="3" covered="0"/><counter type="COMPLEXITY" missed="1" covered="0"/><counter type="METHOD" missed="1" covered="0"/></method><method name="&lt;clinit&gt;" desc="()V" line="9"><counter type="INSTRUCTION" missed="5" covered="0"/><counter type="LINE" missed="1" covered="0"/><counter type="COMPLEXITY" missed="1" covered="0"/><counter type="METHOD" missed="1" covered="0"/></method><counter type="INSTRUCTION" missed="22" covered="0"/><counter type="LINE" missed="6" covered="0"/><counter type="COMPLEXITY" missed="3" covered="0"/><counter type="METHOD" missed="3" covered="0"/><counter type="CLASS" missed="1" covered="0"/></class><class name="cs/lab/PieChartMonitor" sourcefilename="PieChartMonitor.java"><method name="&lt;init&gt;" desc="()V" line="21"><counter type="INSTRUCTION" missed="0" covered="9"/><counter type="LINE" missed="0" covered="3"/><counter type="COMPLEXITY" missed="0" covered="1"/><counter type="METHOD" missed="0" covered="1"/></method><method name="update" desc="(Ljava/lang/Integer;)V" line="30"><counter type="INSTRUCTION" missed="0" covered="56"/><counter type="LINE" missed="0" covered="12"/><counter type="COMPLEXITY" missed="0" covered="1"/><counter type="METHOD" missed="0" covered="1"/></method><method name="&lt;clinit&gt;" desc="()V" line="20"><counter type="INSTRUCTION" missed="0" covered="5"/><counter type="LINE" missed="0" covered="1"/><counter type="COMPLEXITY" missed="0" covered="1"/><counter type="METHOD" missed="0" covered="1"/></method><counter type="INSTRUCTION" missed="0" covered="70"/><counter type="LINE" missed="0" covered="16"/><counter type="COMPLEXITY" missed="0" covered="3"/><counter type="METHOD" missed="0" covered="3"/><counter type="CLASS" missed="0" covered="1"/></class><sourcefile name="PieChartMonitor.java"><line nr="20" mi="0" ci="5" mb="0" cb="0"/><line nr="21" mi="0" ci="5" mb="0" cb="0"/><line nr="24" mi="0" ci="3" mb="0" cb="0"/><line nr="25" mi="0" ci="1" mb="0" cb="0"/><line nr="30" mi="0" ci="5" mb="0" cb="0"/><line nr="31" mi="0" ci="8" mb="0" cb="0"/><line nr="37" mi="0" ci="13" mb="0" cb="0"/><line nr="39" mi="0" ci="5" mb="0" cb="0"/><line nr="41" mi="0" ci="5" mb="0" cb="0"/><line nr="42" mi="0" ci="3" mb="0" cb="0"/><line nr="44" mi="0" ci="4" mb="0" cb="0"/><line nr="45" mi="0" ci="3" mb="0" cb="0"/><line nr="46" mi="0" ci="3" mb="0" cb="0"/><line nr="47" mi="0" ci="3" mb="0" cb="0"/><line nr="48" mi="0" ci="3" mb="0" cb="0"/><line nr="49" mi="0" ci="1" mb="0" cb="0"/><counter type="INSTRUCTION" missed="0" covered="70"/><counter type="LINE" missed="0" covered="16"/><counter type="COMPLEXITY" missed="0" covered="3"/><counter type="METHOD" missed="0" covered="3"/><counter type="CLASS" missed="0" covered="1"/></sourcefile><sourcefile name="BarChartMonitor.java"><line nr="7" mi="2" ci="0" mb="0" cb="0"/><line nr="9" mi="5" ci="0" mb="0" cb="0"/><line nr="10" mi="6" ci="0" mb="0" cb="0"/><line nr="14" mi="5" ci="0" mb="0" cb="0"/><line nr="15" mi="3" ci="0" mb="0" cb="0"/><line nr="16" mi="1" ci="0" mb="0" cb="0"/><counter type="INSTRUCTION" missed="22" covered="0"/><counter type="LINE" missed="6" covered="0"/><counter type="COMPLEXITY" missed="3" covered="0"/><counter type="METHOD" missed="3" covered="0"/><counter type="CLASS" missed="1" covered="0"/></sourcefile><sourcefile name="DataSubject.java"><line nr="7" mi="0" ci="2" mb="0" cb="0"/><line nr="9" mi="0" ci="6" mb="0" cb="0"/><line nr="13" mi="0" ci="5" mb="0" cb="0"/><line nr="14" mi="0" ci="1" mb="0" cb="0"/><line nr="18" mi="0" ci="11" mb="0" cb="2"/><line nr="19" mi="0" ci="3" mb="0" cb="0"/><line nr="20" mi="0" ci="1" mb="0" cb="0"/><line nr="21" mi="0" ci="1" mb="0" cb="0"/><line nr="25" mi="0" ci="5" mb="0" cb="0"/><line nr="26" mi="0" ci="1" mb="0" cb="0"/><line nr="30" mi="0" ci="3" mb="0" cb="0"/><counter type="INSTRUCTION" missed="0" covered="39"/><counter type="BRANCH" missed="0" covered="2"/><counter type="LINE" missed="0" covered="11"/><counter type="COMPLEXITY" missed="0" covered="6"/><counter type="METHOD" missed="0" covered="5"/><counter type="CLASS" missed="0" covered="1"/></sourcefile><counter type="INSTRUCTION" missed="22" covered="109"/><counter type="BRANCH" missed="0" covered="2"/><counter type="LINE" missed="6" covered="27"/><counter type="COMPLEXITY" missed="3" covered="9"/><counter type="METHOD" missed="3" covered="8"/><counter type="CLASS" missed="1" covered="2"/></package><counter type="INSTRUCTION" missed="22" covered="109"/><counter type="BRANCH" missed="0" covered="2"/><counter type="LINE" missed="6" covered="27"/><counter type="COMPLEXITY" missed="3" covered="9"/><counter type="METHOD" missed="3" covered="8"/><counter type="CLASS" missed="1" covered="2"/></report>