<?xml version="1.0" encoding="UTF-8"?>
<!-- Generated by org.testng.reporters.JUnitXMLReporter -->
<testsuite ignored="0" hostname="fabrizio-P65" failures="0" tests="102" name="Command line test" time="0.141" errors="0" timestamp="2020-11-05T08:50:06 PET">
  <testcase classname="cs.lab.ValidatorTest" name="testCase1" time="0.033"/>
  <testcase classname="cs.lab.ValidatorTest" name="testCase1" time="0.034"/>
  <testcase classname="cs.lab.ValidatorTest" name="testCase1" time="0.036"/>
  <testcase classname="cs.lab.ValidatorTest" name="testCase1" time="0.047"/>
  <testcase classname="cs.lab.ValidatorTest" name="testCase1" time="0.039"/>
  <testcase classname="cs.lab.ValidatorTest" name="testCase1" time="0.049"/>
  <testcase classname="cs.lab.ValidatorTest" name="testCase1" time="0.048"/>
  <testcase classname="cs.lab.ValidatorTest" name="testCase1" time="0.003"/>
  <testcase classname="cs.lab.ValidatorTest" name="testCase1" time="0.049"/>
  <testcase classname="cs.lab.ValidatorTest" name="testCase1" time="0.039"/>
  <testcase classname="cs.lab.ValidatorTest" name="testCase1" time="0.049"/>
  <testcase classname="cs.lab.ValidatorTest" name="testCase1" time="0.049"/>
  <testcase classname="cs.lab.ValidatorTest" name="testCase1" time="0.049"/>
  <testcase classname="cs.lab.ValidatorTest" name="testCase1" time="0.002"/>
  <testcase classname="cs.lab.ValidatorTest" name="testCase1" time="0.052"/>
  <testcase classname="cs.lab.ValidatorTest" name="testCase1" time="0.044"/>
  <testcase classname="cs.lab.ValidatorTest" name="testCase1" time="0.053"/>
  <testcase classname="cs.lab.ValidatorTest" name="testCase1" time="0.042"/>
  <testcase classname="cs.lab.ValidatorTest" name="testCase1" time="0.036"/>
  <testcase classname="cs.lab.ValidatorTest" name="testCase1" time="0.043"/>
  <testcase classname="cs.lab.ValidatorTest" name="testCase1" time="0.043"/>
  <testcase classname="cs.lab.ValidatorTest" name="testCase1" time="0.053"/>
  <testcase classname="cs.lab.ValidatorTest" name="testCase1" time="0.054"/>
  <testcase classname="cs.lab.ValidatorTest" name="testCase1" time="0.043"/>
  <testcase classname="cs.lab.ValidatorTest" name="testCase1" time="0.053"/>
  <testcase classname="cs.lab.ValidatorTest" name="testCase1" time="0.054"/>
  <testcase classname="cs.lab.ValidatorTest" name="testCase1" time="0.054"/>
  <testcase classname="cs.lab.ValidatorTest" name="testCase1" time="0.053"/>
  <testcase classname="cs.lab.ValidatorTest" name="testCase1" time="0.054"/>
  <testcase classname="cs.lab.ValidatorTest" name="testCase1" time="0.037"/>
  <testcase classname="cs.lab.ValidatorTest" name="testCase1" time="0.053"/>
  <testcase classname="cs.lab.ValidatorTest" name="testCase1" time="0.055"/>
  <testcase classname="cs.lab.ValidatorTest" name="testCase1" time="0.034"/>
  <testcase classname="cs.lab.ValidatorTest" name="testCase1" time="0.053"/>
  <testcase classname="cs.lab.ValidatorTest" name="testCase1" time="0.055"/>
  <testcase classname="cs.lab.ValidatorTest" name="testCase1" time="0.055"/>
  <testcase classname="cs.lab.ValidatorTest" name="testCase1" time="0.053"/>
  <testcase classname="cs.lab.ValidatorTest" name="testCase1" time="0.056"/>
  <testcase classname="cs.lab.ValidatorTest" name="testCase1" time="0.051"/>
  <testcase classname="cs.lab.ValidatorTest" name="testCase1" time="0.054"/>
  <testcase classname="cs.lab.ValidatorTest" name="testCase1" time="0.054"/>
  <testcase classname="cs.lab.ValidatorTest" name="testCase1" time="0.054"/>
  <testcase classname="cs.lab.ValidatorTest" name="testCase1" time="0.056"/>
  <testcase classname="cs.lab.ValidatorTest" name="testCase1" time="0.057"/>
  <testcase classname="cs.lab.ValidatorTest" name="testCase1" time="0.056"/>
  <testcase classname="cs.lab.ValidatorTest" name="testCase1" time="0.057"/>
  <testcase classname="cs.lab.ValidatorTest" name="testCase1" time="0.055"/>
  <testcase classname="cs.lab.ValidatorTest" name="testCase1" time="0.057"/>
  <testcase classname="cs.lab.ValidatorTest" name="testCase1" time="0.057"/>
  <testcase classname="cs.lab.ValidatorTest" name="testCase1" time="0.03"/>
  <testcase classname="cs.lab.ValidatorTest" name="testCase1" time="0.028"/>
  <testcase classname="cs.lab.ValidatorTest" name="testCase1" time="0.026"/>
  <testcase classname="cs.lab.ValidatorTest" name="testCase1" time="0.028"/>
  <testcase classname="cs.lab.ValidatorTest" name="testCase1" time="0.025"/>
  <testcase classname="cs.lab.ValidatorTest" name="testCase1" time="0.024"/>
  <testcase classname="cs.lab.ValidatorTest" name="testCase1" time="0.027"/>
  <testcase classname="cs.lab.ValidatorTest" name="testCase1" time="0.023"/>
  <testcase classname="cs.lab.ValidatorTest" name="testCase1" time="0.023"/>
  <testcase classname="cs.lab.ValidatorTest" name="testCase1" time="0.022"/>
  <testcase classname="cs.lab.ValidatorTest" name="testCase1" time="0.022"/>
  <testcase classname="cs.lab.ValidatorTest" name="testCase1" time="0.021"/>
  <testcase classname="cs.lab.ValidatorTest" name="testCase1" time="0.02"/>
  <testcase classname="cs.lab.ValidatorTest" name="testCase1" time="0.021"/>
  <testcase classname="cs.lab.ValidatorTest" name="testCase1" time="0.018"/>
  <testcase classname="cs.lab.ValidatorTest" name="testCase1" time="0.021"/>
  <testcase classname="cs.lab.ValidatorTest" name="testCase1" time="0.0"/>
  <testcase classname="cs.lab.ValidatorTest" name="testCase1" time="0.021"/>
  <testcase classname="cs.lab.ValidatorTest" name="testCase1" time="0.02"/>
  <testcase classname="cs.lab.ValidatorTest" name="testCase1" time="0.017"/>
  <testcase classname="cs.lab.ValidatorTest" name="testCase1" time="0.017"/>
  <testcase classname="cs.lab.ValidatorTest" name="testCase1" time="0.0"/>
  <testcase classname="cs.lab.ValidatorTest" name="testCase1" time="0.0"/>
  <testcase classname="cs.lab.ValidatorTest" name="testCase1" time="0.0"/>
  <testcase classname="cs.lab.ValidatorTest" name="testCase1" time="0.001"/>
  <testcase classname="cs.lab.ValidatorTest" name="testCase1" time="0.0"/>
  <testcase classname="cs.lab.ValidatorTest" name="testCase1" time="0.001"/>
  <testcase classname="cs.lab.ValidatorTest" name="testCase1" time="0.0"/>
  <testcase classname="cs.lab.ValidatorTest" name="testCase1" time="0.0"/>
  <testcase classname="cs.lab.ValidatorTest" name="testCase1" time="0.0"/>
  <testcase classname="cs.lab.ValidatorTest" name="testCase1" time="0.0"/>
  <testcase classname="cs.lab.ValidatorTest" name="testCase1" time="0.001"/>
  <testcase classname="cs.lab.ValidatorTest" name="testCase1" time="0.0"/>
  <testcase classname="cs.lab.ValidatorTest" name="testCase1" time="0.0"/>
  <testcase classname="cs.lab.ValidatorTest" name="testCase1" time="0.0"/>
  <testcase classname="cs.lab.ValidatorTest" name="testCase1" time="0.0"/>
  <testcase classname="cs.lab.ValidatorTest" name="testCase1" time="0.0"/>
  <testcase classname="cs.lab.ValidatorTest" name="testCase1" time="0.0"/>
  <testcase classname="cs.lab.ValidatorTest" name="testCase1" time="0.0"/>
  <testcase classname="cs.lab.ValidatorTest" name="testCase1" time="0.0"/>
  <testcase classname="cs.lab.ValidatorTest" name="testCase1" time="0.001"/>
  <testcase classname="cs.lab.ValidatorTest" name="testCase1" time="0.0"/>
  <testcase classname="cs.lab.ValidatorTest" name="testCase1" time="0.0"/>
  <testcase classname="cs.lab.ValidatorTest" name="testCase1" time="0.001"/>
  <testcase classname="cs.lab.ValidatorTest" name="testCase1" time="0.0"/>
  <testcase classname="cs.lab.ValidatorTest" name="testCase1" time="0.0"/>
  <testcase classname="cs.lab.ValidatorTest" name="testCase1" time="0.0"/>
  <testcase classname="cs.lab.ValidatorTest" name="testCase1" time="0.0"/>
  <testcase classname="cs.lab.ValidatorTest" name="testCase1" time="0.0"/>
  <testcase classname="cs.lab.ValidatorTest" name="testCase1" time="0.001"/>
  <testcase classname="cs.lab.ValidatorTest" name="testCase1" time="0.0"/>
  <testcase classname="cs.lab.ValidatorTest" name="testCase2" time="0.001"/>
  <testcase classname="cs.lab.ValidatorTest" name="testIncorrectFormat" time="0.0"/>
</testsuite> <!-- Command line test -->
