<?xml version="1.0" encoding="UTF-8"?>
<!-- Generated by org.testng.reporters.JUnitXMLReporter -->
<testsuite ignored="0" hostname="fabrizio-P65" failures="0" tests="3" name="Command line test" time="1.002" errors="0" timestamp="2020-11-05T10:22:19 PET">
  <testcase classname="cs.lab.AuctionTest" name="testCase0" time="0.912"/>
  <testcase classname="cs.lab.AuctionTest" name="testCase1" time="0.002"/>
  <testcase classname="cs.lab.AuctionTest" name="testCase2" time="0.05"/>
</testsuite> <!-- Command line test -->
