<?xml version="1.0" encoding="UTF-8"?>
<testng-results ignored="0" total="2" passed="2" failed="0" skipped="0">
  <reporter-output>
  </reporter-output>
  <suite started-at="2020-11-05T09:48:32 PET" name="cs.lab.AuctionTest" finished-at="2020-11-05T09:48:33 PET" duration-ms="1029">
    <groups>
    </groups>
    <test started-at="2020-11-05T09:48:32 PET" name="Command line test" finished-at="2020-11-05T09:48:33 PET" duration-ms="1029">
      <class name="cs.lab.AuctionTest">
        <test-method signature="testCase0()[pri:0, instance:cs.lab.AuctionTest@629f066f]" started-at="2020-11-05T09:48:32 PET" name="testCase0" finished-at="2020-11-05T09:48:33 PET" duration-ms="988" status="PASS">
          <reporter-output>
          </reporter-output>
        </test-method> <!-- testCase0 -->
        <test-method signature="testCase1()[pri:0, instance:cs.lab.AuctionTest@629f066f]" started-at="2020-11-05T09:48:33 PET" name="testCase1" finished-at="2020-11-05T09:48:33 PET" duration-ms="1" status="PASS">
          <reporter-output>
          </reporter-output>
        </test-method> <!-- testCase1 -->
      </class> <!-- cs.lab.AuctionTest -->
    </test> <!-- Command line test -->
  </suite> <!-- cs.lab.AuctionTest -->
</testng-results>
